                 -1   $modde2
0000              1   ;  MODDDE2: Register definition for DE2-8052 softcore
0000              2   ;
0000              3   ;   Copyright (C) 2011  Jesus Calvino-Fraga, jesusc at ece.ubc.ca
0000              4   ;
0000              5   ;   This library is free software; you can redistribute it and/or
0000              6   ;   modify it under the terms of the GNU Lesser General Public
0000              7   ;   License as published by the Free Software Foundation; either
0000              8   ;   version 2.1 of the License, or (at your option) any later version.
0000              9   ;
0000             10   ;   This library is distributed in the hope that it will be useful,
0000             11   ;   but WITHOUT ANY WARRANTY; without even the implied warranty of
0000             12   ;   MERCHANTABILITY or FITNESS FOR A PARTICULAR PURPOSE.  See the GNU
0000             13   ;   Lesser General Public License for more details.
0000             14   ;
0000             15   ;   You should have received a copy of the GNU Lesser General Public
0000             16   ;   License along with this library; if not, write to the Free Software
0000             17   ;   Foundation, Inc., 59 Temple Place, Suite 330, Boston, MA  02111-1307 USA
0000             18   ;
0000             19       
0000             20   P0     DATA  080H  ;PORT 0
0000             21   SP     DATA  081H  ;STACK POINTER
0000             22   DPL    DATA  082H  ;DATA POINTER - LOW BYTE
0000             23   DPH    DATA  083H  ;DATA POINTER - HIGH BYTE
0000             24   PCON   DATA  087H  ;POWER CONTROL
0000             25   TCON   DATA  088H  ;TIMER CONTROL
0000             26   TMOD   DATA  089H  ;TIMER MODE
0000             27   TL0    DATA  08AH  ;TIMER 0 - LOW BYTE
0000             28   TL1    DATA  08BH  ;TIMER 1 - LOW BYTE
0000             29   TH0    DATA  08CH  ;TIMER 0 - HIGH BYTE
0000             30   TH1    DATA  08DH  ;TIMER 1 - HIGH BYTE
0000             31   P1     DATA  090H  ;PORT 1
0000             32   SCON   DATA  098H  ;SERIAL PORT CONTROL
0000             33   SBUF   DATA  099H  ;SERIAL PORT BUFFER
0000             34   P2     DATA  0A0H  ;PORT 2
0000             35   IE     DATA  0A8H  ;INTERRUPT ENABLE
0000             36   P3     DATA  0B0H  ;PORT 3
0000             37   IP     DATA  0B8H  ;INTERRUPT PRIORITY
0000             38   T2CON  DATA  0C8H  ;TIMER 2 CONTROL
0000             39   T2MOD  DATA  0C9H  ;TIMER 2 MODE
0000             40   RCAP2L DATA  0CAH  ;TIMER 2 CAPTURE REGISTER - LOW BYTE
0000             41   RCAP2H DATA  0CBH  ;TIMER 2 CAPTURE REGISTER - HIGH BYTE
0000             42   TL2    DATA  0CCH  ;TIMER 2 - LOW BYTE
0000             43   TH2    DATA  0CDH  ;TIMER 2 - HIGH BYTE
0000             44   PSW    DATA  0D0H  ;PROGRAM STATUS WORD
0000             45   ACC    DATA  0E0H  ;ACCUMULATOR
0000             46   B      DATA  0F0H  ;MULTIPLICATION REGISTER
0000             47   IT0    BIT   088H  ;TCON.0 - EXT. INTERRUPT 0 TYPE
0000             48   IE0    BIT   089H  ;TCON.1 - EXT. INTERRUPT 0 EDGE FLAG
0000             49   IT1    BIT   08AH  ;TCON.2 - EXT. INTERRUPT 1 TYPE
0000             50   IE1    BIT   08BH  ;TCON.3 - EXT. INTERRUPT 1 EDGE FLAG
0000             51   TR0    BIT   08CH  ;TCON.4 - TIMER 0 ON/OFF CONTROL
0000             52   TF0    BIT   08DH  ;TCON.5 - TIMER 0 OVERFLOW FLAG
0000             53   TR1    BIT   08EH  ;TCON.6 - TIMER 1 ON/OFF CONTROL
0000             54   TF1    BIT   08FH  ;TCON.7 - TIMER 1 OVERFLOW FLAG
0000             55   RI     BIT   098H  ;SCON.0 - RECEIVE INTERRUPT FLAG
0000             56   TI     BIT   099H  ;SCON.1 - TRANSMIT INTERRUPT FLAG
0000             57   RB8    BIT   09AH  ;SCON.2 - RECEIVE BIT 8
0000             58   TB8    BIT   09BH  ;SCON.3 - TRANSMIT BIT 8
0000             59   REN    BIT   09CH  ;SCON.4 - RECEIVE ENABLE
0000             60   SM2    BIT   09DH  ;SCON.5 - SERIAL MODE CONTROL BIT 2
0000             61   SM1    BIT   09EH  ;SCON.6 - SERIAL MODE CONTROL BIT 1
0000             62   SM0    BIT   09FH  ;SCON.7 - SERIAL MODE CONTROL BIT 0
0000             63   EX0    BIT   0A8H  ;IE.0 - EXTERNAL INTERRUPT 0 ENABLE
0000             64   ET0    BIT   0A9H  ;IE.1 - TIMER 0 INTERRUPT ENABLE
0000             65   EX1    BIT   0AAH  ;IE.2 - EXTERNAL INTERRUPT 1 ENABLE
0000             66   ET1    BIT   0ABH  ;IE.3 - TIMER 1 INTERRUPT ENABLE
0000             67   ES     BIT   0ACH  ;IE.4 - SERIAL PORT INTERRUPT ENABLE
0000             68   ET2    BIT   0ADH  ;IE.5 - TIMER 2 INTERRUPT ENABLE
0000             69   EA     BIT   0AFH  ;IE.7 - GLOBAL INTERRUPT ENABLE
0000             70   RXD    BIT   0B0H  ;P3.0 - SERIAL PORT RECEIVE INPUT
0000             71   TXD    BIT   0B1H  ;P3.1 - SERIAL PORT TRANSMIT OUTPUT
0000             72   INT0   BIT   0B2H  ;P3.2 - EXTERNAL INTERRUPT 0 INPUT
0000             73   INT1   BIT   0B3H  ;P3.3 - EXTERNAL INTERRUPT 1 INPUT
0000             74   T0     BIT   0B4H  ;P3.4 - TIMER 0 COUNT INPUT
0000             75   T1     BIT   0B5H  ;P3.5 - TIMER 1 COUNT INPUT
0000             76   WR     BIT   0B6H  ;P3.6 - WRITE CONTROL FOR EXT. MEMORY
0000             77   RD     BIT   0B7H  ;P3.7 - READ CONTROL FOR EXT. MEMORY
0000             78   PX0    BIT   0B8H  ;IP.0 - EXTERNAL INTERRUPT 0 PRIORITY
0000             79   PT0    BIT   0B9H  ;IP.1 - TIMER 0 PRIORITY
0000             80   PX1    BIT   0BAH  ;IP.2 - EXTERNAL INTERRUPT 1 PRIORITY
0000             81   PT1    BIT   0BBH  ;IP.3 - TIMER 1 PRIORITY
0000             82   PS     BIT   0BCH  ;IP.4 - SERIAL PORT PRIORITY
0000             83   PT2    BIT   0BDH  ;IP.5 - TIMER 2 PRIORITY
0000             84   CAP2   BIT   0C8H  ;T2CON.0 - CAPTURE OR RELOAD SELECT
0000             85   CNT2   BIT   0C9H  ;T2CON.1 - TIMER OR COUNTER SELECT
0000             86   TR2    BIT   0CAH  ;T2CON.2 - TIMER 2 ON/OFF CONTROL
0000             87   EXEN2  BIT   0CBH  ;T2CON.3 - TIMER 2 EXTERNAL ENABLE FLAG
0000             88   TCLK   BIT   0CCH  ;T2CON.4 - TRANSMIT CLOCK SELECT
0000             89   RCLK   BIT   0CDH  ;T2CON.5 - RECEIVE CLOCK SELECTT
0000             90   EXF2   BIT   0CEH  ;T2CON.6 - EXTERNAL TRANSITION FLAG
0000             91   TF2    BIT   0CFH  ;T2CON.7 - TIMER 2 OVERFLOW FLAG
0000             92   P      BIT   0D0H  ;PSW.0 - ACCUMULATOR PARITY FLAG
0000             93   OV     BIT   0D2H  ;PSW.2 - OVERFLOW FLAG
0000             94   RS0    BIT   0D3H  ;PSW.3 - REGISTER BANK SELECT 0
0000             95   RS1    BIT   0D4H  ;PSW.4 - REGISTER BANK SELECT 1
0000             96   F0     BIT   0D5H  ;PSW.5 - FLAG 0
0000             97   AC     BIT   0D6H  ;PSW.6 - AUXILIARY CARRY FLAG
0000             98   CY     BIT   0D7H  ;PSW.7 - CARRY FLAG
0000             99   
0000            100   ; For the altera DE2 configured with an 8051/8052 softcore processor
0000            101   ; we have the following extra registers:
0000            102   
0000            103   HEX0   DATA  091H ; Zero turns the segment on
0000            104   HEX1   DATA  092H ; 
0000            105   HEX2   DATA  093H ; 
0000            106   HEX3   DATA  094H ; 
0000            107   HEX4   DATA  08EH ;
0000            108   HEX5   DATA  08FH ;
0000            109   HEX6   DATA  096H ;
0000            110   HEX7   DATA  097H ;
0000            111   
0000            112   P0MOD  DATA  09AH ; Input/output mode bits for port 0.  '1' sets the port to output mode.
0000            113   P1MOD  DATA  09BH ; Input/output mode bits for port 1
0000            114   P2MOD  DATA  09CH ; Input/output mode bits for port 2
0000            115   P3MOD  DATA  09DH ; Input/output mode bits for port 3
0000            116   
0000            117   LEDRA  DATA  0E8H ; LEDs LEDR0 to LEDR7 (bit addressable, ex: LEDRA.1 for LEDR1)
0000            118   LEDRB  DATA  095H ; LEDs LEDR8 to LEDR15
0000            119   LEDRC  DATA  09EH ; LEDs LEDR16, LEDR15, and LEDG8
0000            120   LEDG   DATA  0F8H ; LEDs LEDG0 to LEDG7 (bit addressable, ex: LEDG.3 for LEDG3)
0000            121   SWA    DATA  0E8H ; Switches SW0 to SW7 (bit addressable, ex: SWA.1 for SW1)
0000            122   SWB    DATA  095H ; Switches SW8 to SW15
0000            123   SWC    DATA  09EH ; Switches SW16 and SW17
0000            124   KEY    DATA  0F8H ; KEY1=KEY.1, KEY2=KEY.2, KEY3=KEY.3.  KEY0 is the reset button! 
0000            125   
0000            126   LCD_CMD   DATA 0D8H ;
0000            127   LCD_DATA  DATA 0D9H ;
0000            128   LCD_MOD   DATA 0DAH ; Write 0xff to make LCD_DATA an output
0000            129   LCD_RW    BIT  0D8H ; '0' writes to LCD
0000            130   LCD_EN    BIT  0D9H ; Toggle from '1' to '0'
0000            131   LCD_RS    BIT  0DAH ; '0' for commands, '1' for data
0000            132   LCD_ON    BIT  0DBH ; Write '1' to power the LCD
0000            133   LCD_BLON  BIT  0DCH ; Write '1' to turn on back light
0000            134   
0000            135   FLASH_CMD  data 0DBH ; The control bits of the flash memory:
0000            136   ; bit 0: FL_RST_N  Set to 1 for normal operation
0000            137   ; bit 1: FL_WE_N
0000            138   ; bit 2: FL_OE_N
0000            139   ; bit 3: FL_CE_N
0000            140   FLASH_DATA data 0DCH ; 8-bit data bus of flash memory.
0000            141   FLASH_MOD  data 0DDH ; 0xff makes FLASH_DATA output.  0x00 makes FLASH_DATA input.
0000            142   FLASH_ADD0 data 0E1H ; address bits 0 to 7.
0000            143   FLASH_ADD1 data 0E2H ; address bits 8 to 15.
0000            144   FLASH_ADD2 data 0E3H ; address bits 16 to 21.
0000            145   
0000              2   
0000              3            CSEG at 0
0000 020078       4            ljmp MyProgram
0003              5   
0030              6   dseg at 30h
0030              7   x:    ds 3
0033              8   bcd:  ds 4
0037              9   
0003             10            CSEG
0003             11            
0003             12   myLUT:
0003 C0F9A4B0    13       DB 0C0H, 0F9H, 0A4H, 0B0H, 099H        
     99
0008 9282F880    14       DB 092H, 082H, 0F8H, 080H, 090H
     90
000D             15       
000D             16   hex2bcd:
000D C0E0        17            push acc
000F C0D0        18            push psw
0011 C000        19            push AR0
0013             20            
0013 E4          21            clr a
0014 F533        22            mov bcd+0, a
0016 F534        23            mov bcd+1, a
0018 F535        24            mov bcd+2, a
001A F536        25            mov bcd+3, a
001C 7818        26            mov r0, #24 
001E             27   
001E             28   hex2bcd_L0:
001E             29            ; Shift binary left
001E E532        30            mov a, x+2
0020 A2E7        31            mov c, acc.7 ; This way x remains unchanged!
0022 E530        32            mov a, x+0
0024 33          33            rlc a
0025 F530        34            mov x+0, a
0027 E531        35            mov a, x+1
0029 33          36            rlc a
002A F531        37            mov x+1, a
002C E532        38            mov a, x+2
002E 33          39            rlc a
002F F532        40            mov x+2, a
0031             41       
0031             42            ; Perform bcd + bcd + carry using BCD arithmetic
0031 E533        43            mov a, bcd+0
0033 3533        44            addc a, bcd+0
0035 D4          45            da a
0036 F533        46            mov bcd+0, a
0038 E534        47            mov a, bcd+1
003A 3534        48            addc a, bcd+1
003C D4          49            da a
003D F534        50            mov bcd+1, a
003F E535        51            mov a, bcd+2
0041 3535        52            addc a, bcd+2
0043 D4          53            da a
0044 F535        54            mov bcd+2, a
0046 E536        55            mov a, bcd+3
0048 3536        56            addc a, bcd+3
004A D4          57            da a
004B F536        58            mov bcd+3, a
004D             59   
004D D8CF        60            djnz r0, hex2bcd_L0
004F             61   
004F D000        62            pop AR0
0051 D0D0        63            pop psw
0053 D0E0        64            pop acc
0055 22          65            ret
0056             66            
0056             67   ; On the DE2-8052, with a 33.33MHz clock, one cycle takes 30ns
0056             68   Wait1s:
0056 7A59        69            mov R2, #89
0058 79F9        70   L3: mov R1, #249
005A 78FA        71   L2: mov R0, #250
005C 208D08      72   L1: jb TF0, incrementReg         
005F D8FB        73            djnz R0, L1 ; 3 machine cycles-> 3*30ns*250=22.5us
0061 D9F7        74            djnz R1, L2 ; 22.5us*250=5.625ms
0063 00          75            nop
0064 DAF2        76            djnz R2, L3 ; 5.625ms*180=1s (approximately)
0066 22          77            ret
0067             78            
0067             79   incrementReg:
0067 0532        80            inc x+2
0069 C28D        81            clr TF0
006B 80EF        82            sjmp L1
006D             83            
006D             84   ;Initializes timer/counter 0 as a 16-bit counter
006D             85   InitTimer0:
006D C28C        86            clr TR0 ; Stop timer 0
006F 74F0        87            mov a, #11110000B ; Clear the bits of timer 0
0071 5589        88            anl a,TMOD
0073 4405        89            orl a, #00000101B ; Set timer 0 as 16-bit counter
0075 F589        90            mov TMOD, a
0077 22          91            ret
0078             92            
0078             93   MyProgram:
0078 75817F      94            mov SP, #7FH
007B E4          95            clr a
007C F5E8        96            mov LEDRA, a
007E F595        97            mov LEDRB, a
0080 F59E        98            mov LEDRC, a
0082 F5F8        99            mov LEDG, a
0084 F533       100            mov bcd+0, a
0086 F534       101            mov bcd+1, a
0088 F535       102            mov bcd+2, a
008A F536       103            mov bcd+3, a
008C 1200B8     104            lcall display
008F            105            
008F            106   getFreq:
008F E4         107            clr a
0090 F530       108            mov x+0, a
0092 F531       109            mov x+1, a
0094 F532       110            mov x+2, a
0096            111            ;lcall clearDisplay
0096            112            ; Configure T0 as an input (original 8051 only).
0096            113            ; Not needed but harmless in the DE2-8052
0096 D2B4       114            setb T0
0098            115            ; 1) Set up the counter to count pulses from T0
0098 12006D     116            lcall InitTimer0
009B            117            ; Stop counter 0
009B C28C       118            clr TR0
009D            119            ; 2) Reset the counter
009D 758A00     120            mov TL0, #0
00A0 758C00     121            mov TH0, #0
00A3            122            ; 3) Start counting
00A3 D28C       123            setb TR0
00A5            124            ; 4) Wait one second
00A5 120056     125            lcall Wait1s
00A8            126            ; 5) Stop counter 0, TH0-TL0 has the frequency!
00A8 C28C       127            clr TR0
00AA 858A30     128            mov x+0, TL0
00AD 858C31     129            mov x+1, TH0
00B0 12000D     130            lcall hex2bcd
00B3 1200B8     131            lcall display
00B6 80D7       132            sjmp getFreq
00B8            133   
00B8            134   Display:
00B8 900003     135            mov dptr, #myLUT
00BB            136            ; Display Digit 0
00BB E533       137       mov A, bcd+0
00BD 540F       138       anl a, #0fh
00BF 93         139       movc A, @A+dptr
00C0 F591       140       mov HEX0, A
00C2            141            ; Display Digit 1
00C2 E533       142       mov A, bcd+0
00C4 C4         143       swap a
00C5 540F       144       anl a, #0fh
00C7 93         145       movc A, @A+dptr
00C8 F592       146       mov HEX1, A
00CA            147            ; Display Digit 2
00CA E534       148       mov A, bcd+1
00CC 540F       149       anl a, #0fh
00CE 93         150       movc A, @A+dptr
00CF F593       151       mov HEX2, A
00D1            152            ; Display Digit 3
00D1 E534       153       mov A, bcd+1
00D3 C4         154       swap a
00D4 540F       155       anl a, #0fh
00D6 93         156       movc A, @A+dptr
00D7 F594       157       mov HEX3, A
00D9            158            ; Display Digit 4
00D9 E535       159       mov A, bcd+2
00DB 540F       160       anl a, #0fh
00DD 93         161       movc A, @A+dptr
00DE F58E       162       mov HEX4, A
00E0            163            ; Display Digit 5
00E0 E535       164       mov A, bcd+2
00E2 C4         165       swap a
00E3 540F       166       anl a, #0fh
00E5 93         167       movc A, @A+dptr
00E6 F58F       168       mov HEX5, A
00E8            169       ; Display Digit 6
00E8 E536       170       mov A, bcd+3
00EA 540F       171       anl a, #0fh
00EC 93         172       movc A, @A+dptr
00ED F596       173       mov HEX6, A
00EF            174       
00EF 1200F3     175       lcall ReplaceZeroes
00F2 22         176       ret
00F3            177       
00F3            178   ReplaceZeroes:
00F3            179   Digit6:
00F3 E536       180            mov a, bcd+3
00F5 540F       181            anl a, #1111B
00F7 7030       182            jnz displayNumber
00F9 75967F     183            mov HEX6, #7FH
00FC            184   Digit5:
00FC E535       185            mov a, bcd+2
00FE 54F0       186            anl a, #11110000B
0100 7027       187            jnz displayNumber
0102 758F7F     188            mov HEX5, #7FH
0105            189   Digit4:
0105 E535       190            mov a, bcd+2
0107 540F       191            anl a, #1111B
0109 701E       192            jnz displayNumber
010B 758E7F     193            mov HEX4, #7FH  
010E            194   Digit3:
010E E534       195            mov a, bcd+1
0110 54F0       196            anl a, #11110000B
0112 7015       197            jnz displayNumber
0114 75947F     198            mov HEX3, #7FH
0117            199   Digit2:
0117 E534       200            mov a, bcd+1
0119 540F       201            anl a, #1111B
011B 700C       202            jnz displayNumber
011D 75937F     203            mov HEX2, #7FH          
0120            204   Digit1:
0120 E533       205            mov a, bcd+0
0122 54F0       206            anl a, #11110000B
0124 7003       207            jnz displayNumber
0126 75927F     208            mov HEX1, #7FH
0129            209   displayNumber:
0129 22         210            ret
012A            211            
012A            212   en
